# JRE version: Java(TM) SE Runtime Environment (8.0_162-b12) (build 1.8.0_162-b12)
# Java VM: Java HotSpot(TM) 64-Bit Server VM (25.162-b12 mixed mode windows-amd64 compressed oops)
Heap:
 PSYoungGen      total 122368K, used 61536K [0x00000000d5900000, 0x00000000dec00000, 0x0000000100000000)
  eden space 115712K, 47% used [0x00000000d5900000,0x00000000d8ecc410,0x00000000dca00000)
  from space 6656K, 96% used [0x00000000de580000,0x00000000debcbf30,0x00000000dec00000)
  to   space 10240K, 0% used [0x00000000dd800000,0x00000000dd800000,0x00000000de200000)
 ParOldGen       total 56832K, used 10184K [0x0000000080a00000, 0x0000000084180000, 0x00000000d5900000)
  object space 56832K, 17% used [0x0000000080a00000,0x00000000813f22a8,0x0000000084180000)
 Metaspace       used 29065K, capacity 29754K, committed 30208K, reserved 1075200K
  class space    used 4012K, capacity 4241K, committed 4352K, reserved 1048576K
GC Heap History (10 events):
Event: 1.576 GC heap before
{Heap before GC invocations=3 (full 0):
 PSYoungGen      total 38400K, used 38379K [0x00000000d5900000, 0x00000000d8380000, 0x0000000100000000)
  eden space 33280K, 100% used [0x00000000d5900000,0x00000000d7980000,0x00000000d7980000)
  from space 5120K, 99% used [0x00000000d7e80000,0x00000000d837ae38,0x00000000d8380000)
  to   space 5120K, 0% used [0x00000000d7980000,0x00000000d7980000,0x00000000d7e80000)
 ParOldGen       total 87552K, used 237K [0x0000000080a00000, 0x0000000085f80000, 0x00000000d5900000)
  object space 87552K, 0% used [0x0000000080a00000,0x0000000080a3b478,0x0000000085f80000)
 Metaspace       used 17303K, capacity 17542K, committed 17920K, reserved 1064960K
  class space    used 2377K, capacity 2476K, committed 2560K, reserved 1048576K
Event: 1.590 GC heap after
Heap after GC invocations=3 (full 0):
 PSYoungGen      total 38400K, used 5104K [0x00000000d5900000, 0x00000000da400000, 0x0000000100000000)
  eden space 33280K, 0% used [0x00000000d5900000,0x00000000d5900000,0x00000000d7980000)
  from space 5120K, 99% used [0x00000000d7980000,0x00000000d7e7c050,0x00000000d7e80000)
  to   space 5120K, 0% used [0x00000000d9f00000,0x00000000d9f00000,0x00000000da400000)
 ParOldGen       total 87552K, used 4443K [0x0000000080a00000, 0x0000000085f80000, 0x00000000d5900000)
  object space 87552K, 5% used [0x0000000080a00000,0x0000000080e56ce0,0x0000000085f80000)
 Metaspace       used 17303K, capacity 17542K, committed 17920K, reserved 1064960K
  class space    used 2377K, capacity 2476K, committed 2560K, reserved 1048576K
}
Event: 1.925 GC heap before
{Heap before GC invocations=4 (full 0):
 PSYoungGen      total 38400K, used 38384K [0x00000000d5900000, 0x00000000da400000, 0x0000000100000000)
  eden space 33280K, 100% used [0x00000000d5900000,0x00000000d7980000,0x00000000d7980000)
  from space 5120K, 99% used [0x00000000d7980000,0x00000000d7e7c050,0x00000000d7e80000)
  to   space 5120K, 0% used [0x00000000d9f00000,0x00000000d9f00000,0x00000000da400000)
 ParOldGen       total 87552K, used 4443K [0x0000000080a00000, 0x0000000085f80000, 0x00000000d5900000)
  object space 87552K, 5% used [0x0000000080a00000,0x0000000080e56ce0,0x0000000085f80000)
 Metaspace       used 20619K, capacity 20856K, committed 21120K, reserved 1067008K
  class space    used 2831K, capacity 2896K, committed 2944K, reserved 1048576K
Event: 1.935 GC heap after
Heap after GC invocations=4 (full 0):
 PSYoungGen      total 71680K, used 5104K [0x00000000d5900000, 0x00000000da400000, 0x0000000100000000)
  eden space 66560K, 0% used [0x00000000d5900000,0x00000000d5900000,0x00000000d9a00000)
  from space 5120K, 99% used [0x00000000d9f00000,0x00000000da3fc040,0x00000000da400000)
  to   space 5120K, 0% used [0x00000000d9a00000,0x00000000d9a00000,0x00000000d9f00000)
 ParOldGen       total 87552K, used 8429K [0x0000000080a00000, 0x0000000085f80000, 0x00000000d5900000)
  object space 87552K, 9% used [0x0000000080a00000,0x000000008123b7e8,0x0000000085f80000)
 Metaspace       used 20619K, capacity 20856K, committed 21120K, reserved 1067008K
  class space    used 2831K, capacity 2896K, committed 2944K, reserved 1048576K
}
Event: 1.965 GC heap before
{Heap before GC invocations=5 (full 0):
 PSYoungGen      total 71680K, used 8130K [0x00000000d5900000, 0x00000000da400000, 0x0000000100000000)
  eden space 66560K, 4% used [0x00000000d5900000,0x00000000d5bf47d8,0x00000000d9a00000)
  from space 5120K, 99% used [0x00000000d9f00000,0x00000000da3fc040,0x00000000da400000)
  to   space 5120K, 0% used [0x00000000d9a00000,0x00000000d9a00000,0x00000000d9f00000)
 ParOldGen       total 87552K, used 8429K [0x0000000080a00000, 0x0000000085f80000, 0x00000000d5900000)
  object space 87552K, 9% used [0x0000000080a00000,0x000000008123b7e8,0x0000000085f80000)
 Metaspace       used 20940K, capacity 21156K, committed 21296K, reserved 1067008K
  class space    used 2871K, capacity 2932K, committed 2944K, reserved 1048576K
Event: 1.972 GC heap after
Heap after GC invocations=5 (full 0):
 PSYoungGen      total 71680K, used 5104K [0x00000000d5900000, 0x00000000df000000, 0x0000000100000000)
  eden space 66560K, 0% used [0x00000000d5900000,0x00000000d5900000,0x00000000d9a00000)
  from space 5120K, 99% used [0x00000000d9a00000,0x00000000d9efc020,0x00000000d9f00000)
  to   space 10752K, 0% used [0x00000000de580000,0x00000000de580000,0x00000000df000000)
 ParOldGen       total 87552K, used 8915K [0x0000000080a00000, 0x0000000085f80000, 0x00000000d5900000)
  object space 87552K, 10% used [0x0000000080a00000,0x00000000812b4da8,0x0000000085f80000)
 Metaspace       used 20940K, capacity 21156K, committed 21296K, reserved 1067008K
  class space    used 2871K, capacity 2932K, committed 2944K, reserved 1048576K
}
Event: 1.972 GC heap before
{Heap before GC invocations=6 (full 1):
 PSYoungGen      total 71680K, used 5104K [0x00000000d5900000, 0x00000000df000000, 0x0000000100000000)
  eden space 66560K, 0% used [0x00000000d5900000,0x00000000d5900000,0x00000000d9a00000)
  from space 5120K, 99% used [0x00000000d9a00000,0x00000000d9efc020,0x00000000d9f00000)
  to   space 10752K, 0% used [0x00000000de580000,0x00000000de580000,0x00000000df000000)
 ParOldGen       total 87552K, used 8915K [0x0000000080a00000, 0x0000000085f80000, 0x00000000d5900000)
  object space 87552K, 10% used [0x0000000080a00000,0x00000000812b4da8,0x0000000085f80000)
 Metaspace       used 20940K, capacity 21156K, committed 21296K, reserved 1067008K
  class space    used 2871K, capacity 2932K, committed 2944K, reserved 1048576K
Event: 2.005 GC heap after
Heap after GC invocations=6 (full 1):
 PSYoungGen      total 71680K, used 0K [0x00000000d5900000, 0x00000000df000000, 0x0000000100000000)
  eden space 66560K, 0% used [0x00000000d5900000,0x00000000d5900000,0x00000000d9a00000)
  from space 5120K, 0% used [0x00000000d9a00000,0x00000000d9a00000,0x00000000d9f00000)
  to   space 10752K, 0% used [0x00000000de580000,0x00000000de580000,0x00000000df000000)
 ParOldGen       total 56832K, used 10176K [0x0000000080a00000, 0x0000000084180000, 0x00000000d5900000)
  object space 56832K, 17% used [0x0000000080a00000,0x00000000813f02a8,0x0000000084180000)
 Metaspace       used 20940K, capacity 21156K, committed 21296K, reserved 1067008K
  class space    used 2871K, capacity 2932K, committed 2944K, reserved 1048576K
}
Event: 2.676 GC heap before
{Heap before GC invocations=7 (full 1):
 PSYoungGen      total 71680K, used 66560K [0x00000000d5900000, 0x00000000df000000, 0x0000000100000000)
  eden space 66560K, 100% used [0x00000000d5900000,0x00000000d9a00000,0x00000000d9a00000)
  from space 5120K, 0% used [0x00000000d9a00000,0x00000000d9a00000,0x00000000d9f00000)
  to   space 10752K, 0% used [0x00000000de580000,0x00000000de580000,0x00000000df000000)
 ParOldGen       total 56832K, used 10176K [0x0000000080a00000, 0x0000000084180000, 0x00000000d5900000)
  object space 56832K, 17% used [0x0000000080a00000,0x00000000813f02a8,0x0000000084180000)
 Metaspace       used 26620K, capacity 27052K, committed 27520K, reserved 1073152K
  class space    used 3721K, capacity 3855K, committed 3968K, reserved 1048576K
Event: 2.682 GC heap after
Heap after GC invocations=7 (full 1):
 PSYoungGen      total 122368K, used 6447K [0x00000000d5900000, 0x00000000dec00000, 0x0000000100000000)
  eden space 115712K, 0% used [0x00000000d5900000,0x00000000d5900000,0x00000000dca00000)
  from space 6656K, 96% used [0x00000000de580000,0x00000000debcbf30,0x00000000dec00000)
  to   space 10240K, 0% used [0x00000000dd800000,0x00000000dd800000,0x00000000de200000)
 ParOldGen       total 56832K, used 10184K [0x0000000080a00000, 0x0000000084180000, 0x00000000d5900000)
  object space 56832K, 17% used [0x0000000080a00000,0x00000000813f22a8,0x0000000084180000)
 Metaspace       used 26620K, capacity 27052K, committed 27520K, reserved 1073152K
  class space    used 3721K, capacity 3855K, committed 3968K, reserved 1048576K
}

