# JRE version: Java(TM) SE Runtime Environment (8.0_162-b12) (build 1.8.0_162-b12)
# Java VM: Java HotSpot(TM) 64-Bit Server VM (25.162-b12 mixed mode windows-amd64 compressed oops)
Heap:
 PSYoungGen      total 352768K, used 145792K [0x00000000d5900000, 0x00000000ed600000, 0x0000000100000000)
  eden space 325632K, 37% used [0x00000000d5900000,0x00000000dcef8fb0,0x00000000e9700000)
  from space 27136K, 92% used [0x00000000ebb80000,0x00000000ed3e7198,0x00000000ed600000)
  to   space 32256K, 0% used [0x00000000e9700000,0x00000000e9700000,0x00000000eb680000)
 ParOldGen       total 147456K, used 65927K [0x0000000080a00000, 0x0000000089a00000, 0x00000000d5900000)
  object space 147456K, 44% used [0x0000000080a00000,0x0000000084a61c28,0x0000000089a00000)
 Metaspace       used 67009K, capacity 69050K, committed 69336K, reserved 1110016K
  class space    used 8403K, capacity 8925K, committed 8960K, reserved 1048576K
GC Heap History (10 events):
Event: 17.292 GC heap before
{Heap before GC invocations=13 (full 2):
 PSYoungGen      total 247808K, used 247776K [0x00000000d5900000, 0x00000000e6180000, 0x0000000100000000)
  eden space 232960K, 100% used [0x00000000d5900000,0x00000000e3c80000,0x00000000e3c80000)
  from space 14848K, 99% used [0x00000000e4f00000,0x00000000e5d78028,0x00000000e5d80000)
  to   space 18944K, 0% used [0x00000000e3c80000,0x00000000e3c80000,0x00000000e4f00000)
 ParOldGen       total 86016K, used 24981K [0x0000000080a00000, 0x0000000085e00000, 0x00000000d5900000)
  object space 86016K, 29% used [0x0000000080a00000,0x00000000822656a8,0x0000000085e00000)
 Metaspace       used 51817K, capacity 53550K, committed 53760K, reserved 1095680K
  class space    used 6960K, capacity 7421K, committed 7424K, reserved 1048576K
Event: 17.321 GC heap after
Heap after GC invocations=13 (full 2):
 PSYoungGen      total 251904K, used 17866K [0x00000000d5900000, 0x00000000e9a80000, 0x0000000100000000)
  eden space 232960K, 0% used [0x00000000d5900000,0x00000000d5900000,0x00000000e3c80000)
  from space 18944K, 94% used [0x00000000e3c80000,0x00000000e4df2a08,0x00000000e4f00000)
  to   space 20992K, 0% used [0x00000000e8600000,0x00000000e8600000,0x00000000e9a80000)
 ParOldGen       total 86016K, used 39809K [0x0000000080a00000, 0x0000000085e00000, 0x00000000d5900000)
  object space 86016K, 46% used [0x0000000080a00000,0x00000000830e0768,0x0000000085e00000)
 Metaspace       used 51817K, capacity 53550K, committed 53760K, reserved 1095680K
  class space    used 6960K, capacity 7421K, committed 7424K, reserved 1048576K
}
Event: 22.415 GC heap before
{Heap before GC invocations=14 (full 2):
 PSYoungGen      total 251904K, used 223718K [0x00000000d5900000, 0x00000000e9a80000, 0x0000000100000000)
  eden space 232960K, 88% used [0x00000000d5900000,0x00000000e2206ff0,0x00000000e3c80000)
  from space 18944K, 94% used [0x00000000e3c80000,0x00000000e4df2a08,0x00000000e4f00000)
  to   space 20992K, 0% used [0x00000000e8600000,0x00000000e8600000,0x00000000e9a80000)
 ParOldGen       total 86016K, used 39809K [0x0000000080a00000, 0x0000000085e00000, 0x00000000d5900000)
  object space 86016K, 46% used [0x0000000080a00000,0x00000000830e0768,0x0000000085e00000)
 Metaspace       used 57102K, capacity 58980K, committed 59096K, reserved 1099776K
  class space    used 7661K, capacity 8178K, committed 8192K, reserved 1048576K
Event: 22.426 GC heap after
Heap after GC invocations=14 (full 2):
 PSYoungGen      total 292864K, used 13128K [0x00000000d5900000, 0x00000000e9300000, 0x0000000100000000)
  eden space 279552K, 0% used [0x00000000d5900000,0x00000000d5900000,0x00000000e6a00000)
  from space 13312K, 98% used [0x00000000e8600000,0x00000000e92d23d0,0x00000000e9300000)
  to   space 20992K, 0% used [0x00000000e6a00000,0x00000000e6a00000,0x00000000e7e80000)
 ParOldGen       total 86016K, used 39817K [0x0000000080a00000, 0x0000000085e00000, 0x00000000d5900000)
  object space 86016K, 46% used [0x0000000080a00000,0x00000000830e2768,0x0000000085e00000)
 Metaspace       used 57102K, capacity 58980K, committed 59096K, reserved 1099776K
  class space    used 7661K, capacity 8178K, committed 8192K, reserved 1048576K
}
Event: 22.426 GC heap before
{Heap before GC invocations=15 (full 3):
 PSYoungGen      total 292864K, used 13128K [0x00000000d5900000, 0x00000000e9300000, 0x0000000100000000)
  eden space 279552K, 0% used [0x00000000d5900000,0x00000000d5900000,0x00000000e6a00000)
  from space 13312K, 98% used [0x00000000e8600000,0x00000000e92d23d0,0x00000000e9300000)
  to   space 20992K, 0% used [0x00000000e6a00000,0x00000000e6a00000,0x00000000e7e80000)
 ParOldGen       total 86016K, used 39817K [0x0000000080a00000, 0x0000000085e00000, 0x00000000d5900000)
  object space 86016K, 46% used [0x0000000080a00000,0x00000000830e2768,0x0000000085e00000)
 Metaspace       used 57102K, capacity 58980K, committed 59096K, reserved 1099776K
  class space    used 7661K, capacity 8178K, committed 8192K, reserved 1048576K
Event: 22.664 GC heap after
Heap after GC invocations=15 (full 3):
 PSYoungGen      total 292864K, used 0K [0x00000000d5900000, 0x00000000e9300000, 0x0000000100000000)
  eden space 279552K, 0% used [0x00000000d5900000,0x00000000d5900000,0x00000000e6a00000)
  from space 13312K, 0% used [0x00000000e8600000,0x00000000e8600000,0x00000000e9300000)
  to   space 20992K, 0% used [0x00000000e6a00000,0x00000000e6a00000,0x00000000e7e80000)
 ParOldGen       total 147456K, used 50209K [0x0000000080a00000, 0x0000000089a00000, 0x00000000d5900000)
  object space 147456K, 34% used [0x0000000080a00000,0x0000000083b08600,0x0000000089a00000)
 Metaspace       used 57100K, capacity 58974K, committed 59096K, reserved 1099776K
  class space    used 7661K, capacity 8177K, committed 8192K, reserved 1048576K
}
Event: 33.813 GC heap before
{Heap before GC invocations=16 (full 3):
 PSYoungGen      total 292864K, used 279552K [0x00000000d5900000, 0x00000000e9300000, 0x0000000100000000)
  eden space 279552K, 100% used [0x00000000d5900000,0x00000000e6a00000,0x00000000e6a00000)
  from space 13312K, 0% used [0x00000000e8600000,0x00000000e8600000,0x00000000e9300000)
  to   space 20992K, 0% used [0x00000000e6a00000,0x00000000e6a00000,0x00000000e7e80000)
 ParOldGen       total 147456K, used 50209K [0x0000000080a00000, 0x0000000089a00000, 0x00000000d5900000)
  object space 147456K, 34% used [0x0000000080a00000,0x0000000083b08600,0x0000000089a00000)
 Metaspace       used 66122K, capacity 68076K, committed 68312K, reserved 1107968K
  class space    used 8383K, capacity 8874K, committed 8960K, reserved 1048576K
Event: 33.834 GC heap after
Heap after GC invocations=16 (full 3):
 PSYoungGen      total 300544K, used 20981K [0x00000000d5900000, 0x00000000ed880000, 0x0000000100000000)
  eden space 279552K, 0% used [0x00000000d5900000,0x00000000d5900000,0x00000000e6a00000)
  from space 20992K, 99% used [0x00000000e6a00000,0x00000000e7e7d4f8,0x00000000e7e80000)
  to   space 29696K, 0% used [0x00000000ebb80000,0x00000000ebb80000,0x00000000ed880000)
 ParOldGen       total 147456K, used 65919K [0x0000000080a00000, 0x0000000089a00000, 0x00000000d5900000)
  object space 147456K, 44% used [0x0000000080a00000,0x0000000084a5fc28,0x0000000089a00000)
 Metaspace       used 66122K, capacity 68076K, committed 68312K, reserved 1107968K
  class space    used 8383K, capacity 8874K, committed 8960K, reserved 1048576K
}
Event: 41.751 GC heap before
{Heap before GC invocations=17 (full 3):
 PSYoungGen      total 300544K, used 300533K [0x00000000d5900000, 0x00000000ed880000, 0x0000000100000000)
  eden space 279552K, 100% used [0x00000000d5900000,0x00000000e6a00000,0x00000000e6a00000)
  from space 20992K, 99% used [0x00000000e6a00000,0x00000000e7e7d4f8,0x00000000e7e80000)
  to   space 29696K, 0% used [0x00000000ebb80000,0x00000000ebb80000,0x00000000ed880000)
 ParOldGen       total 147456K, used 65919K [0x0000000080a00000, 0x0000000089a00000, 0x00000000d5900000)
  object space 147456K, 44% used [0x0000000080a00000,0x0000000084a5fc28,0x0000000089a00000)
 Metaspace       used 66866K, capacity 68948K, committed 69080K, reserved 1110016K
  class space    used 8398K, capacity 8918K, committed 8960K, reserved 1048576K
Event: 41.769 GC heap after
Heap after GC invocations=17 (full 3):
 PSYoungGen      total 352768K, used 24988K [0x00000000d5900000, 0x00000000ed600000, 0x0000000100000000)
  eden space 325632K, 0% used [0x00000000d5900000,0x00000000d5900000,0x00000000e9700000)
  from space 27136K, 92% used [0x00000000ebb80000,0x00000000ed3e7198,0x00000000ed600000)
  to   space 32256K, 0% used [0x00000000e9700000,0x00000000e9700000,0x00000000eb680000)
 ParOldGen       total 147456K, used 65927K [0x0000000080a00000, 0x0000000089a00000, 0x00000000d5900000)
  object space 147456K, 44% used [0x0000000080a00000,0x0000000084a61c28,0x0000000089a00000)
 Metaspace       used 66866K, capacity 68948K, committed 69080K, reserved 1110016K
  class space    used 8398K, capacity 8918K, committed 8960K, reserved 1048576K
}

