# JRE version: Java(TM) SE Runtime Environment (8.0_162-b12) (build 1.8.0_162-b12)
# Java VM: Java HotSpot(TM) 64-Bit Server VM (25.162-b12 mixed mode windows-amd64 compressed oops)
Heap:
 PSYoungGen      total 196608K, used 11942K [0x00000000d5900000, 0x00000000e4400000, 0x0000000100000000)
  eden space 184320K, 0% used [0x00000000d5900000,0x00000000d5900000,0x00000000e0d00000)
  from space 12288K, 97% used [0x00000000e1a80000,0x00000000e2629848,0x00000000e2680000)
  to   space 13824K, 0% used [0x00000000e0d00000,0x00000000e0d00000,0x00000000e1a80000)
 ParOldGen       total 57856K, used 11503K [0x0000000080a00000, 0x0000000084280000, 0x00000000d5900000)
  object space 57856K, 19% used [0x0000000080a00000,0x000000008153bc28,0x0000000084280000)
 Metaspace       used 34578K, capacity 35216K, committed 35456K, reserved 1079296K
  class space    used 4729K, capacity 4965K, committed 4992K, reserved 1048576K
GC Heap History (10 events):
Event: 2.034 GC heap after
Heap after GC invocations=5 (full 0):
 PSYoungGen      total 71680K, used 5088K [0x00000000d5900000, 0x00000000df000000, 0x0000000100000000)
  eden space 66560K, 0% used [0x00000000d5900000,0x00000000d5900000,0x00000000d9a00000)
  from space 5120K, 99% used [0x00000000d9a00000,0x00000000d9ef8010,0x00000000d9f00000)
  to   space 10752K, 0% used [0x00000000de580000,0x00000000de580000,0x00000000df000000)
 ParOldGen       total 87552K, used 8951K [0x0000000080a00000, 0x0000000085f80000, 0x00000000d5900000)
  object space 87552K, 10% used [0x0000000080a00000,0x00000000812bdfa8,0x0000000085f80000)
 Metaspace       used 20957K, capacity 21152K, committed 21296K, reserved 1067008K
  class space    used 2870K, capacity 2932K, committed 2944K, reserved 1048576K
}
Event: 2.034 GC heap before
{Heap before GC invocations=6 (full 1):
 PSYoungGen      total 71680K, used 5088K [0x00000000d5900000, 0x00000000df000000, 0x0000000100000000)
  eden space 66560K, 0% used [0x00000000d5900000,0x00000000d5900000,0x00000000d9a00000)
  from space 5120K, 99% used [0x00000000d9a00000,0x00000000d9ef8010,0x00000000d9f00000)
  to   space 10752K, 0% used [0x00000000de580000,0x00000000de580000,0x00000000df000000)
 ParOldGen       total 87552K, used 8951K [0x0000000080a00000, 0x0000000085f80000, 0x00000000d5900000)
  object space 87552K, 10% used [0x0000000080a00000,0x00000000812bdfa8,0x0000000085f80000)
 Metaspace       used 20957K, capacity 21152K, committed 21296K, reserved 1067008K
  class space    used 2870K, capacity 2932K, committed 2944K, reserved 1048576K
Event: 2.073 GC heap after
Heap after GC invocations=6 (full 1):
 PSYoungGen      total 71680K, used 0K [0x00000000d5900000, 0x00000000df000000, 0x0000000100000000)
  eden space 66560K, 0% used [0x00000000d5900000,0x00000000d5900000,0x00000000d9a00000)
  from space 5120K, 0% used [0x00000000d9a00000,0x00000000d9a00000,0x00000000d9f00000)
  to   space 10752K, 0% used [0x00000000de580000,0x00000000de580000,0x00000000df000000)
 ParOldGen       total 57856K, used 10165K [0x0000000080a00000, 0x0000000084280000, 0x00000000d5900000)
  object space 57856K, 17% used [0x0000000080a00000,0x00000000813ed440,0x0000000084280000)
 Metaspace       used 20957K, capacity 21152K, committed 21296K, reserved 1067008K
  class space    used 2870K, capacity 2932K, committed 2944K, reserved 1048576K
}
Event: 2.711 GC heap before
{Heap before GC invocations=7 (full 1):
 PSYoungGen      total 71680K, used 66560K [0x00000000d5900000, 0x00000000df000000, 0x0000000100000000)
  eden space 66560K, 100% used [0x00000000d5900000,0x00000000d9a00000,0x00000000d9a00000)
  from space 5120K, 0% used [0x00000000d9a00000,0x00000000d9a00000,0x00000000d9f00000)
  to   space 10752K, 0% used [0x00000000de580000,0x00000000de580000,0x00000000df000000)
 ParOldGen       total 57856K, used 10165K [0x0000000080a00000, 0x0000000084280000, 0x00000000d5900000)
  object space 57856K, 17% used [0x0000000080a00000,0x00000000813ed440,0x0000000084280000)
 Metaspace       used 26650K, capacity 27048K, committed 27520K, reserved 1073152K
  class space    used 3721K, capacity 3855K, committed 3968K, reserved 1048576K
Event: 2.716 GC heap after
Heap after GC invocations=7 (full 1):
 PSYoungGen      total 119808K, used 6388K [0x00000000d5900000, 0x00000000dec00000, 0x0000000100000000)
  eden space 113152K, 0% used [0x00000000d5900000,0x00000000d5900000,0x00000000dc780000)
  from space 6656K, 95% used [0x00000000de580000,0x00000000debbd050,0x00000000dec00000)
  to   space 10240K, 0% used [0x00000000dd800000,0x00000000dd800000,0x00000000de200000)
 ParOldGen       total 57856K, used 10173K [0x0000000080a00000, 0x0000000084280000, 0x00000000d5900000)
  object space 57856K, 17% used [0x0000000080a00000,0x00000000813ef440,0x0000000084280000)
 Metaspace       used 26650K, capacity 27048K, committed 27520K, reserved 1073152K
  class space    used 3721K, capacity 3855K, committed 3968K, reserved 1048576K
}
Event: 4.640 GC heap before
{Heap before GC invocations=8 (full 1):
 PSYoungGen      total 119808K, used 119540K [0x00000000d5900000, 0x00000000dec00000, 0x0000000100000000)
  eden space 113152K, 100% used [0x00000000d5900000,0x00000000dc780000,0x00000000dc780000)
  from space 6656K, 95% used [0x00000000de580000,0x00000000debbd050,0x00000000dec00000)
  to   space 10240K, 0% used [0x00000000dd800000,0x00000000dd800000,0x00000000de200000)
 ParOldGen       total 57856K, used 10173K [0x0000000080a00000, 0x0000000084280000, 0x00000000d5900000)
  object space 57856K, 17% used [0x0000000080a00000,0x00000000813ef440,0x0000000084280000)
 Metaspace       used 32772K, capacity 33374K, committed 33664K, reserved 1079296K
  class space    used 4494K, capacity 4679K, committed 4736K, reserved 1048576K
Event: 4.650 GC heap after
Heap after GC invocations=8 (full 1):
 PSYoungGen      total 140288K, used 10211K [0x00000000d5900000, 0x00000000e2680000, 0x0000000100000000)
  eden space 130048K, 0% used [0x00000000d5900000,0x00000000d5900000,0x00000000dd800000)
  from space 10240K, 99% used [0x00000000dd800000,0x00000000de1f8e38,0x00000000de200000)
  to   space 12288K, 0% used [0x00000000e1a80000,0x00000000e1a80000,0x00000000e2680000)
 ParOldGen       total 57856K, used 11431K [0x0000000080a00000, 0x0000000084280000, 0x00000000d5900000)
  object space 57856K, 19% used [0x0000000080a00000,0x0000000081529c18,0x0000000084280000)
 Metaspace       used 32772K, capacity 33374K, committed 33664K, reserved 1079296K
  class space    used 4494K, capacity 4679K, committed 4736K, reserved 1048576K
}
Event: 4.907 GC heap before
{Heap before GC invocations=9 (full 1):
 PSYoungGen      total 140288K, used 41435K [0x00000000d5900000, 0x00000000e2680000, 0x0000000100000000)
  eden space 130048K, 24% used [0x00000000d5900000,0x00000000d777df08,0x00000000dd800000)
  from space 10240K, 99% used [0x00000000dd800000,0x00000000de1f8e38,0x00000000de200000)
  to   space 12288K, 0% used [0x00000000e1a80000,0x00000000e1a80000,0x00000000e2680000)
 ParOldGen       total 57856K, used 11431K [0x0000000080a00000, 0x0000000084280000, 0x00000000d5900000)
  object space 57856K, 19% used [0x0000000080a00000,0x0000000081529c18,0x0000000084280000)
 Metaspace       used 34578K, capacity 35216K, committed 35456K, reserved 1079296K
  class space    used 4729K, capacity 4965K, committed 4992K, reserved 1048576K
Event: 4.915 GC heap after
Heap after GC invocations=9 (full 1):
 PSYoungGen      total 196608K, used 11942K [0x00000000d5900000, 0x00000000e4400000, 0x0000000100000000)
  eden space 184320K, 0% used [0x00000000d5900000,0x00000000d5900000,0x00000000e0d00000)
  from space 12288K, 97% used [0x00000000e1a80000,0x00000000e2629848,0x00000000e2680000)
  to   space 13824K, 0% used [0x00000000e0d00000,0x00000000e0d00000,0x00000000e1a80000)
 ParOldGen       total 57856K, used 11503K [0x0000000080a00000, 0x0000000084280000, 0x00000000d5900000)
  object space 57856K, 19% used [0x0000000080a00000,0x000000008153bc28,0x0000000084280000)
 Metaspace       used 34578K, capacity 35216K, committed 35456K, reserved 1079296K
  class space    used 4729K, capacity 4965K, committed 4992K, reserved 1048576K
}
Event: 4.915 GC heap before
{Heap before GC invocations=10 (full 2):
 PSYoungGen      total 196608K, used 11942K [0x00000000d5900000, 0x00000000e4400000, 0x0000000100000000)
  eden space 184320K, 0% used [0x00000000d5900000,0x00000000d5900000,0x00000000e0d00000)
  from space 12288K, 97% used [0x00000000e1a80000,0x00000000e2629848,0x00000000e2680000)
  to   space 13824K, 0% used [0x00000000e0d00000,0x00000000e0d00000,0x00000000e1a80000)
 ParOldGen       total 57856K, used 11503K [0x0000000080a00000, 0x0000000084280000, 0x00000000d5900000)
  object space 57856K, 19% used [0x0000000080a00000,0x000000008153bc28,0x0000000084280000)
 Metaspace       used 34578K, capacity 35216K, committed 35456K, reserved 1079296K
  class space    used 4729K, capacity 4965K, committed 4992K, reserved 1048576K

